<?xml version="1.0" encoding="utf-8"?><testsuites name="pytest tests"><testsuite name="pytest" errors="0" failures="0" skipped="0" tests="13" time="3.876" timestamp="2026-06-07T14:59:26.328402+00:00" hostname="agent-env-b2344919-3dde-43e5-a926-ce48656836c2"><testcase classname="backend.tests.test_vsm_backend.TestRoot" name="test_root_ok" time="0.159" /><testcase classname="backend.tests.test_vsm_backend.TestConfig" name="test_default_config" time="0.108" /><testcase classname="backend.tests.test_vsm_backend.TestConfig" name="test_update_config_persists" time="0.168" /><testcase classname="backend.tests.test_vsm_backend.TestChat" name="test_chat_with_groq" time="0.702" /><testcase classname="backend.tests.test_vsm_backend.TestChat" name="test_chat_persists_messages" time="0.223" /><testcase classname="backend.tests.test_vsm_backend.TestChat" name="test_chat_bot_off_returns_generic" time="0.280" /><testcase classname="backend.tests.test_vsm_backend.TestConversations" name="test_list_conversations" time="0.131" /><testcase classname="backend.tests.test_vsm_backend.TestConversations" name="test_delete_conversation" time="0.553" /><testcase classname="backend.tests.test_vsm_backend.TestStats" name="test_stats" time="0.122" /><testcase classname="backend.tests.test_vsm_backend.TestLogs" name="test_clear_then_simulate" time="0.209" /><testcase classname="backend.tests.test_vsm_backend.TestWhatsApp" name="test_connect_then_disconnect" time="0.667" /><testcase classname="backend.tests.test_vsm_backend.TestTranscribe" name="test_transcribe_no_file_returns_422" time="0.107" /><testcase classname="backend.tests.test_vsm_backend.TestTranscribe" name="test_transcribe_with_wav" time="0.398" /></testsuite></testsuites>